02.12.2024 22:10:11.184 INFO  [background-preinit] o.h.validator.internal.util.Version:21  HV000001: Hibernate Validator 6.2.5.Final
02.12.2024 22:10:11.255 INFO  [restartedMain] c.q.digiwork.DigiworkApplication:55  Starting DigiworkApplication using Java 21.0.4 on DESKTOP-KT7OEDS with PID 10404 (F:\Qualito\qualito-spring-auth-template\bin\main started by user in F:\Qualito\qualito-spring-auth-template)
02.12.2024 22:10:11.263 INFO  [restartedMain] c.q.digiwork.DigiworkApplication:631  No active profile set, falling back to 1 default profile: "default"
02.12.2024 22:10:13.201 INFO  [restartedMain] o.s.b.d.e.DevToolsPropertyDefaultsPostProcessor:255  Devtools property defaults active! Set 'spring.devtools.add-properties' to 'false' to disable
02.12.2024 22:10:13.206 INFO  [restartedMain] o.s.b.d.e.DevToolsPropertyDefaultsPostProcessor:255  For additional web related logging consider setting the 'logging.level.web' property to 'DEBUG'
02.12.2024 22:10:15.591 INFO  [restartedMain] o.s.d.r.c.RepositoryConfigurationDelegate:262  Multiple Spring Data modules found, entering strict repository configuration mode
02.12.2024 22:10:15.608 INFO  [restartedMain] o.s.d.r.c.RepositoryConfigurationDelegate:132  Bootstrapping Spring Data JDBC repositories in DEFAULT mode.
02.12.2024 22:10:15.791 INFO  [restartedMain] o.s.d.r.c.RepositoryConfigurationExtensionSupport:349  Spring Data JDBC - Could not safely identify store assignment for repository candidate interface com.qualito.digiwork.service.template.TemplateCrudRepository; If you want this repository to be a JDBC repository, consider annotating your entities with one of these annotations: org.springframework.data.relational.core.mapping.Table.
02.12.2024 22:10:15.810 INFO  [restartedMain] o.s.d.r.c.RepositoryConfigurationExtensionSupport:349  Spring Data JDBC - Could not safely identify store assignment for repository candidate interface com.qualito.digiwork.service.user.UserRepository; If you want this repository to be a JDBC repository, consider annotating your entities with one of these annotations: org.springframework.data.relational.core.mapping.Table.
02.12.2024 22:10:15.912 INFO  [restartedMain] o.s.d.r.c.RepositoryConfigurationDelegate:201  Finished Spring Data repository scanning in 262 ms. Found 0 JDBC repository interfaces.
02.12.2024 22:10:15.963 INFO  [restartedMain] o.s.d.r.c.RepositoryConfigurationDelegate:262  Multiple Spring Data modules found, entering strict repository configuration mode
02.12.2024 22:10:15.975 INFO  [restartedMain] o.s.d.r.c.RepositoryConfigurationDelegate:132  Bootstrapping Spring Data JPA repositories in DEFAULT mode.
02.12.2024 22:10:16.142 INFO  [restartedMain] o.s.d.r.c.RepositoryConfigurationDelegate:201  Finished Spring Data repository scanning in 115 ms. Found 2 JPA repository interfaces.
02.12.2024 22:10:19.076 INFO  [restartedMain] o.s.b.w.e.tomcat.TomcatWebServer:108  Tomcat initialized with port(s): 8080 (http)
02.12.2024 22:10:19.109 INFO  [restartedMain] o.a.coyote.http11.Http11NioProtocol:173  Initializing ProtocolHandler ["http-nio-8080"]
02.12.2024 22:10:19.111 INFO  [restartedMain] o.a.catalina.core.StandardService:173  Starting service [Tomcat]
02.12.2024 22:10:19.112 INFO  [restartedMain] o.a.catalina.core.StandardEngine:173  Starting Servlet engine: [Apache Tomcat/9.0.70]
02.12.2024 22:10:19.297 INFO  [restartedMain] o.a.c.c.C.[Tomcat].[localhost].[/]:173  Initializing Spring embedded WebApplicationContext
02.12.2024 22:10:19.298 INFO  [restartedMain] o.s.b.w.s.c.ServletWebServerApplicationContext:292  Root WebApplicationContext: initialization completed in 6088 ms
02.12.2024 22:10:19.614 INFO  [restartedMain] o.h.jpa.internal.util.LogHelper:31  HHH000204: Processing PersistenceUnitInfo [name: default]
02.12.2024 22:10:19.750 INFO  [restartedMain] org.hibernate.Version:44  HHH000412: Hibernate ORM core version 5.6.14.Final
02.12.2024 22:10:20.094 INFO  [restartedMain] o.h.annotations.common.Version:56  HCANN000001: Hibernate Commons Annotations {5.1.2.Final}
02.12.2024 22:10:20.341 INFO  [restartedMain] com.zaxxer.hikari.HikariDataSource:110  HikariPool-1 - Starting...
02.12.2024 22:10:21.809 INFO  [restartedMain] com.zaxxer.hikari.HikariDataSource:123  HikariPool-1 - Start completed.
02.12.2024 22:10:21.864 INFO  [restartedMain] org.hibernate.dialect.Dialect:175  HHH000400: Using dialect: org.hibernate.dialect.MySQL8Dialect
02.12.2024 22:10:23.956 INFO  [restartedMain] o.h.e.t.j.p.i.JtaPlatformInitiator:52  HHH000490: Using JtaPlatform implementation: [org.hibernate.engine.transaction.jta.platform.internal.NoJtaPlatform]
02.12.2024 22:10:23.973 INFO  [restartedMain] o.s.o.j.LocalContainerEntityManagerFactoryBean:437  Initialized JPA EntityManagerFactory for persistence unit 'default'
02.12.2024 22:10:24.076 WARN  [restartedMain] o.s.b.a.o.j.JpaBaseConfiguration$JpaWebConfiguration:219  spring.jpa.open-in-view is enabled by default. Therefore, database queries may be performed during view rendering. Explicitly configure spring.jpa.open-in-view to disable this warning
02.12.2024 22:10:25.259 INFO  [restartedMain] o.s.s.web.DefaultSecurityFilterChain:55  Will secure any request with [org.springframework.security.web.session.DisableEncodeUrlFilter@24f6a9be, org.springframework.security.web.context.request.async.WebAsyncManagerIntegrationFilter@101d065d, org.springframework.security.web.context.SecurityContextPersistenceFilter@28c8181, org.springframework.security.web.header.HeaderWriterFilter@7c6fa68c, org.springframework.security.web.authentication.logout.LogoutFilter@2e1c44c9, org.springframework.security.web.authentication.UsernamePasswordAuthenticationFilter@7b2b10f3, org.springframework.security.web.savedrequest.RequestCacheAwareFilter@82f60cd, org.springframework.security.web.servletapi.SecurityContextHolderAwareRequestFilter@635fb438, org.springframework.security.web.authentication.AnonymousAuthenticationFilter@307c2396, org.springframework.security.web.session.SessionManagementFilter@3e518119, org.springframework.security.web.access.ExceptionTranslationFilter@5a1ce1b8, org.springframework.security.web.access.intercept.FilterSecurityInterceptor@503e86f9]
02.12.2024 22:10:25.721 INFO  [restartedMain] o.s.b.a.w.s.WelcomePageHandlerMapping:57  Adding welcome page template: index
02.12.2024 22:10:27.429 INFO  [restartedMain] o.s.b.d.a.OptionalLiveReloadServer:59  LiveReload server is running on port 35729
02.12.2024 22:10:27.463 INFO  [restartedMain] o.a.coyote.http11.Http11NioProtocol:173  Starting ProtocolHandler ["http-nio-8080"]
02.12.2024 22:10:27.558 INFO  [restartedMain] o.s.b.w.e.tomcat.TomcatWebServer:220  Tomcat started on port(s): 8080 (http) with context path ''
02.12.2024 22:10:27.645 INFO  [restartedMain] c.q.digiwork.DigiworkApplication:61  Started DigiworkApplication in 18.528 seconds (JVM running for 24.278)
02.12.2024 22:15:23.095 INFO  [background-preinit] o.h.validator.internal.util.Version:21  HV000001: Hibernate Validator 6.2.5.Final
02.12.2024 22:15:23.095 INFO  [restartedMain] c.q.digiwork.DigiworkApplication:55  Starting DigiworkApplication using Java 21.0.4 on DESKTOP-KT7OEDS with PID 10320 (F:\Qualito\qualito-spring-auth-template\bin\main started by user in F:\Qualito\qualito-spring-auth-template)
02.12.2024 22:15:23.101 INFO  [restartedMain] c.q.digiwork.DigiworkApplication:631  No active profile set, falling back to 1 default profile: "default"
02.12.2024 22:15:23.769 INFO  [restartedMain] o.s.b.d.e.DevToolsPropertyDefaultsPostProcessor:255  Devtools property defaults active! Set 'spring.devtools.add-properties' to 'false' to disable
02.12.2024 22:15:23.774 INFO  [restartedMain] o.s.b.d.e.DevToolsPropertyDefaultsPostProcessor:255  For additional web related logging consider setting the 'logging.level.web' property to 'DEBUG'
02.12.2024 22:15:25.446 INFO  [restartedMain] o.s.d.r.c.RepositoryConfigurationDelegate:262  Multiple Spring Data modules found, entering strict repository configuration mode
02.12.2024 22:15:25.457 INFO  [restartedMain] o.s.d.r.c.RepositoryConfigurationDelegate:132  Bootstrapping Spring Data JDBC repositories in DEFAULT mode.
02.12.2024 22:15:25.547 INFO  [restartedMain] o.s.d.r.c.RepositoryConfigurationExtensionSupport:349  Spring Data JDBC - Could not safely identify store assignment for repository candidate interface com.qualito.digiwork.service.template.TemplateCrudRepository; If you want this repository to be a JDBC repository, consider annotating your entities with one of these annotations: org.springframework.data.relational.core.mapping.Table.
02.12.2024 22:15:25.553 INFO  [restartedMain] o.s.d.r.c.RepositoryConfigurationExtensionSupport:349  Spring Data JDBC - Could not safely identify store assignment for repository candidate interface com.qualito.digiwork.service.user.UserRepository; If you want this repository to be a JDBC repository, consider annotating your entities with one of these annotations: org.springframework.data.relational.core.mapping.Table.
02.12.2024 22:15:25.556 INFO  [restartedMain] o.s.d.r.c.RepositoryConfigurationDelegate:201  Finished Spring Data repository scanning in 75 ms. Found 0 JDBC repository interfaces.
02.12.2024 22:15:25.588 INFO  [restartedMain] o.s.d.r.c.RepositoryConfigurationDelegate:262  Multiple Spring Data modules found, entering strict repository configuration mode
02.12.2024 22:15:25.592 INFO  [restartedMain] o.s.d.r.c.RepositoryConfigurationDelegate:132  Bootstrapping Spring Data JPA repositories in DEFAULT mode.
02.12.2024 22:15:25.680 INFO  [restartedMain] o.s.d.r.c.RepositoryConfigurationDelegate:201  Finished Spring Data repository scanning in 60 ms. Found 2 JPA repository interfaces.
02.12.2024 22:15:29.078 INFO  [restartedMain] o.s.b.w.e.tomcat.TomcatWebServer:108  Tomcat initialized with port(s): 8080 (http)
02.12.2024 22:15:29.112 INFO  [restartedMain] o.a.coyote.http11.Http11NioProtocol:173  Initializing ProtocolHandler ["http-nio-8080"]
02.12.2024 22:15:29.113 INFO  [restartedMain] o.a.catalina.core.StandardService:173  Starting service [Tomcat]
02.12.2024 22:15:29.114 INFO  [restartedMain] o.a.catalina.core.StandardEngine:173  Starting Servlet engine: [Apache Tomcat/9.0.70]
02.12.2024 22:15:29.364 INFO  [restartedMain] o.a.c.c.C.[Tomcat].[localhost].[/]:173  Initializing Spring embedded WebApplicationContext
02.12.2024 22:15:29.365 INFO  [restartedMain] o.s.b.w.s.c.ServletWebServerApplicationContext:292  Root WebApplicationContext: initialization completed in 5580 ms
02.12.2024 22:15:29.795 INFO  [restartedMain] o.h.jpa.internal.util.LogHelper:31  HHH000204: Processing PersistenceUnitInfo [name: default]
02.12.2024 22:15:30.026 INFO  [restartedMain] org.hibernate.Version:44  HHH000412: Hibernate ORM core version 5.6.14.Final
02.12.2024 22:15:30.575 INFO  [restartedMain] o.h.annotations.common.Version:56  HCANN000001: Hibernate Commons Annotations {5.1.2.Final}
02.12.2024 22:15:31.460 INFO  [restartedMain] com.zaxxer.hikari.HikariDataSource:110  HikariPool-1 - Starting...
02.12.2024 22:15:33.283 INFO  [restartedMain] com.zaxxer.hikari.HikariDataSource:123  HikariPool-1 - Start completed.
02.12.2024 22:15:33.348 INFO  [restartedMain] org.hibernate.dialect.Dialect:175  HHH000400: Using dialect: org.hibernate.dialect.MySQL8Dialect
02.12.2024 22:15:35.655 INFO  [restartedMain] o.h.e.t.j.p.i.JtaPlatformInitiator:52  HHH000490: Using JtaPlatform implementation: [org.hibernate.engine.transaction.jta.platform.internal.NoJtaPlatform]
02.12.2024 22:15:35.681 INFO  [restartedMain] o.s.o.j.LocalContainerEntityManagerFactoryBean:437  Initialized JPA EntityManagerFactory for persistence unit 'default'
02.12.2024 22:15:35.991 WARN  [restartedMain] o.s.b.a.o.j.JpaBaseConfiguration$JpaWebConfiguration:219  spring.jpa.open-in-view is enabled by default. Therefore, database queries may be performed during view rendering. Explicitly configure spring.jpa.open-in-view to disable this warning
02.12.2024 22:15:37.312 INFO  [restartedMain] o.s.s.web.DefaultSecurityFilterChain:55  Will secure any request with [org.springframework.security.web.session.DisableEncodeUrlFilter@d7e4617, org.springframework.security.web.context.request.async.WebAsyncManagerIntegrationFilter@3b2bf433, org.springframework.security.web.context.SecurityContextPersistenceFilter@7a7fecc2, org.springframework.security.web.header.HeaderWriterFilter@159e62bd, org.springframework.security.web.authentication.logout.LogoutFilter@20633f57, org.springframework.security.web.authentication.UsernamePasswordAuthenticationFilter@2335110e, org.springframework.security.web.savedrequest.RequestCacheAwareFilter@5680ee8a, org.springframework.security.web.servletapi.SecurityContextHolderAwareRequestFilter@7b198595, org.springframework.security.web.authentication.AnonymousAuthenticationFilter@672cfb68, org.springframework.security.web.session.SessionManagementFilter@5fd17f27, org.springframework.security.web.access.ExceptionTranslationFilter@3a8a7241, org.springframework.security.web.access.intercept.FilterSecurityInterceptor@f49bc8b]
02.12.2024 22:15:37.795 INFO  [restartedMain] o.s.b.a.w.s.WelcomePageHandlerMapping:57  Adding welcome page template: index
02.12.2024 22:15:39.827 INFO  [restartedMain] o.s.b.d.a.OptionalLiveReloadServer:59  LiveReload server is running on port 35729
02.12.2024 22:15:39.875 INFO  [restartedMain] o.a.coyote.http11.Http11NioProtocol:173  Starting ProtocolHandler ["http-nio-8080"]
02.12.2024 22:15:39.996 INFO  [restartedMain] o.s.b.w.e.tomcat.TomcatWebServer:220  Tomcat started on port(s): 8080 (http) with context path ''
02.12.2024 22:15:40.075 INFO  [restartedMain] c.q.digiwork.DigiworkApplication:61  Started DigiworkApplication in 17.907 seconds (JVM running for 20.046)
02.12.2024 22:16:06.882 INFO  [http-nio-8080-exec-1] o.a.c.c.C.[Tomcat].[localhost].[/]:173  Initializing Spring DispatcherServlet 'dispatcherServlet'
02.12.2024 22:16:06.883 INFO  [http-nio-8080-exec-1] o.s.web.servlet.DispatcherServlet:525  Initializing Servlet 'dispatcherServlet'
02.12.2024 22:16:06.933 INFO  [http-nio-8080-exec-1] o.s.web.servlet.DispatcherServlet:547  Completed initialization in 49 ms
02.12.2024 23:51:20.829 INFO  [restartedMain] c.q.digiwork.DigiworkApplication:55  Starting DigiworkApplication using Java 21.0.4 on DESKTOP-KT7OEDS with PID 10840 (F:\Qualito\qualito-spring-auth-template\bin\main started by user in F:\Qualito\qualito-spring-auth-template)
02.12.2024 23:51:20.844 INFO  [background-preinit] o.h.validator.internal.util.Version:21  HV000001: Hibernate Validator 6.2.5.Final
02.12.2024 23:51:20.865 INFO  [restartedMain] c.q.digiwork.DigiworkApplication:631  No active profile set, falling back to 1 default profile: "default"
02.12.2024 23:51:22.087 INFO  [restartedMain] o.s.b.d.e.DevToolsPropertyDefaultsPostProcessor:255  Devtools property defaults active! Set 'spring.devtools.add-properties' to 'false' to disable
02.12.2024 23:51:22.088 INFO  [restartedMain] o.s.b.d.e.DevToolsPropertyDefaultsPostProcessor:255  For additional web related logging consider setting the 'logging.level.web' property to 'DEBUG'
02.12.2024 23:51:23.670 INFO  [restartedMain] o.s.d.r.c.RepositoryConfigurationDelegate:262  Multiple Spring Data modules found, entering strict repository configuration mode
02.12.2024 23:51:23.674 INFO  [restartedMain] o.s.d.r.c.RepositoryConfigurationDelegate:132  Bootstrapping Spring Data JDBC repositories in DEFAULT mode.
02.12.2024 23:51:23.745 INFO  [restartedMain] o.s.d.r.c.RepositoryConfigurationExtensionSupport:349  Spring Data JDBC - Could not safely identify store assignment for repository candidate interface com.qualito.digiwork.service.template.TemplateCrudRepository; If you want this repository to be a JDBC repository, consider annotating your entities with one of these annotations: org.springframework.data.relational.core.mapping.Table.
02.12.2024 23:51:23.749 INFO  [restartedMain] o.s.d.r.c.RepositoryConfigurationExtensionSupport:349  Spring Data JDBC - Could not safely identify store assignment for repository candidate interface com.qualito.digiwork.service.user.UserRepository; If you want this repository to be a JDBC repository, consider annotating your entities with one of these annotations: org.springframework.data.relational.core.mapping.Table.
02.12.2024 23:51:23.759 INFO  [restartedMain] o.s.d.r.c.RepositoryConfigurationDelegate:201  Finished Spring Data repository scanning in 71 ms. Found 0 JDBC repository interfaces.
02.12.2024 23:51:23.791 INFO  [restartedMain] o.s.d.r.c.RepositoryConfigurationDelegate:262  Multiple Spring Data modules found, entering strict repository configuration mode
02.12.2024 23:51:23.797 INFO  [restartedMain] o.s.d.r.c.RepositoryConfigurationDelegate:132  Bootstrapping Spring Data JPA repositories in DEFAULT mode.
02.12.2024 23:51:23.872 INFO  [restartedMain] o.s.d.r.c.RepositoryConfigurationDelegate:201  Finished Spring Data repository scanning in 47 ms. Found 2 JPA repository interfaces.
02.12.2024 23:51:25.246 INFO  [restartedMain] o.s.b.w.e.tomcat.TomcatWebServer:108  Tomcat initialized with port(s): 8080 (http)
02.12.2024 23:51:25.271 INFO  [restartedMain] o.a.coyote.http11.Http11NioProtocol:173  Initializing ProtocolHandler ["http-nio-8080"]
02.12.2024 23:51:25.272 INFO  [restartedMain] o.a.catalina.core.StandardService:173  Starting service [Tomcat]
02.12.2024 23:51:25.274 INFO  [restartedMain] o.a.catalina.core.StandardEngine:173  Starting Servlet engine: [Apache Tomcat/9.0.70]
02.12.2024 23:51:25.436 INFO  [restartedMain] o.a.c.c.C.[Tomcat].[localhost].[/]:173  Initializing Spring embedded WebApplicationContext
02.12.2024 23:51:25.437 INFO  [restartedMain] o.s.b.w.s.c.ServletWebServerApplicationContext:292  Root WebApplicationContext: initialization completed in 3346 ms
02.12.2024 23:51:25.710 INFO  [restartedMain] o.h.jpa.internal.util.LogHelper:31  HHH000204: Processing PersistenceUnitInfo [name: default]
02.12.2024 23:51:25.860 INFO  [restartedMain] org.hibernate.Version:44  HHH000412: Hibernate ORM core version 5.6.14.Final
02.12.2024 23:51:26.433 INFO  [restartedMain] o.h.annotations.common.Version:56  HCANN000001: Hibernate Commons Annotations {5.1.2.Final}
02.12.2024 23:51:26.664 INFO  [restartedMain] com.zaxxer.hikari.HikariDataSource:110  HikariPool-1 - Starting...
02.12.2024 23:51:27.941 INFO  [restartedMain] com.zaxxer.hikari.HikariDataSource:123  HikariPool-1 - Start completed.
02.12.2024 23:51:27.994 INFO  [restartedMain] org.hibernate.dialect.Dialect:175  HHH000400: Using dialect: org.hibernate.dialect.MySQL8Dialect
02.12.2024 23:51:29.555 INFO  [restartedMain] o.h.e.t.j.p.i.JtaPlatformInitiator:52  HHH000490: Using JtaPlatform implementation: [org.hibernate.engine.transaction.jta.platform.internal.NoJtaPlatform]
02.12.2024 23:51:29.573 INFO  [restartedMain] o.s.o.j.LocalContainerEntityManagerFactoryBean:437  Initialized JPA EntityManagerFactory for persistence unit 'default'
02.12.2024 23:51:29.673 WARN  [restartedMain] o.s.b.a.o.j.JpaBaseConfiguration$JpaWebConfiguration:219  spring.jpa.open-in-view is enabled by default. Therefore, database queries may be performed during view rendering. Explicitly configure spring.jpa.open-in-view to disable this warning
02.12.2024 23:51:30.424 INFO  [restartedMain] o.s.s.web.DefaultSecurityFilterChain:55  Will secure any request with [org.springframework.security.web.session.DisableEncodeUrlFilter@7572d604, org.springframework.security.web.context.request.async.WebAsyncManagerIntegrationFilter@371d81c5, org.springframework.security.web.context.SecurityContextPersistenceFilter@d0f1e38, org.springframework.security.web.header.HeaderWriterFilter@35d9e0a4, org.springframework.security.web.authentication.logout.LogoutFilter@5193795d, org.springframework.security.web.authentication.UsernamePasswordAuthenticationFilter@8a422ec, org.springframework.security.web.savedrequest.RequestCacheAwareFilter@36200bd8, org.springframework.security.web.servletapi.SecurityContextHolderAwareRequestFilter@2e839ced, org.springframework.security.web.authentication.AnonymousAuthenticationFilter@2335110e, org.springframework.security.web.session.SessionManagementFilter@47abf450, org.springframework.security.web.access.ExceptionTranslationFilter@7fb8b204, org.springframework.security.web.access.intercept.FilterSecurityInterceptor@2b6563ed]
02.12.2024 23:51:30.799 INFO  [restartedMain] o.s.b.a.w.s.WelcomePageHandlerMapping:57  Adding welcome page template: index
02.12.2024 23:51:32.473 INFO  [restartedMain] o.s.b.d.a.OptionalLiveReloadServer:59  LiveReload server is running on port 35729
02.12.2024 23:51:32.503 INFO  [restartedMain] o.a.coyote.http11.Http11NioProtocol:173  Starting ProtocolHandler ["http-nio-8080"]
02.12.2024 23:51:32.554 INFO  [restartedMain] o.s.b.w.e.tomcat.TomcatWebServer:220  Tomcat started on port(s): 8080 (http) with context path ''
02.12.2024 23:51:32.591 INFO  [restartedMain] c.q.digiwork.DigiworkApplication:61  Started DigiworkApplication in 12.962 seconds (JVM running for 14.676)
